2020-07-10 13:07:10 [http-nio-9090-exec-3] INFO  org.apache.coyote.http11.Http11Processor - Error parsing HTTP request header
 Note: further occurrences of HTTP request parsing errors will be logged at DEBUG level.
java.lang.IllegalArgumentException: Invalid character found in method name. HTTP method names must be tokens
	at org.apache.coyote.http11.Http11InputBuffer.parseRequestLine(Http11InputBuffer.java:415)
	at org.apache.coyote.http11.Http11Processor.service(Http11Processor.java:292)
	at org.apache.coyote.AbstractProcessorLight.process(AbstractProcessorLight.java:66)
	at org.apache.coyote.AbstractProtocol$ConnectionHandler.process(AbstractProtocol.java:861)
	at org.apache.tomcat.util.net.NioEndpoint$SocketProcessor.doRun(NioEndpoint.java:1579)
	at org.apache.tomcat.util.net.SocketProcessorBase.run(SocketProcessorBase.java:49)
	at java.util.concurrent.ThreadPoolExecutor.runWorker(ThreadPoolExecutor.java:1149)
	at java.util.concurrent.ThreadPoolExecutor$Worker.run(ThreadPoolExecutor.java:624)
	at org.apache.tomcat.util.threads.TaskThread$WrappingRunnable.run(TaskThread.java:61)
	at java.lang.Thread.run(Thread.java:748)
2020-07-10 13:24:36 [http-nio-9090-exec-3] INFO  org.apache.coyote.http11.Http11Processor - Error parsing HTTP request header
 Note: further occurrences of HTTP request parsing errors will be logged at DEBUG level.
java.lang.IllegalArgumentException: Invalid character found in the request target. The valid characters are defined in RFC 7230 and RFC 3986
	at org.apache.coyote.http11.Http11InputBuffer.parseRequestLine(Http11InputBuffer.java:468)
	at org.apache.coyote.http11.Http11Processor.service(Http11Processor.java:292)
	at org.apache.coyote.AbstractProcessorLight.process(AbstractProcessorLight.java:66)
	at org.apache.coyote.AbstractProtocol$ConnectionHandler.process(AbstractProtocol.java:861)
	at org.apache.tomcat.util.net.NioEndpoint$SocketProcessor.doRun(NioEndpoint.java:1579)
	at org.apache.tomcat.util.net.SocketProcessorBase.run(SocketProcessorBase.java:49)
	at java.util.concurrent.ThreadPoolExecutor.runWorker(ThreadPoolExecutor.java:1149)
	at java.util.concurrent.ThreadPoolExecutor$Worker.run(ThreadPoolExecutor.java:624)
	at org.apache.tomcat.util.threads.TaskThread$WrappingRunnable.run(TaskThread.java:61)
	at java.lang.Thread.run(Thread.java:748)
2020-07-10 16:22:20 [Thread-7] INFO  org.springframework.scheduling.concurrent.ThreadPoolTaskExecutor - Shutting down ExecutorService 'applicationTaskExecutor'
2020-07-10 16:22:20 [Thread-7] INFO  org.springframework.orm.jpa.LocalContainerEntityManagerFactoryBean - Closing JPA EntityManagerFactory for persistence unit 'default'
2020-07-10 16:22:20 [Thread-7] INFO  com.alibaba.druid.pool.DruidDataSource - {dataSource-2} closing ...
2020-07-10 16:22:20 [Thread-7] INFO  com.alibaba.druid.pool.DruidDataSource - {dataSource-2} closed
2020-07-10 16:22:21 [restartedMain] INFO  com.vivid.PupilApplication - Starting PupilApplication on MB-xbwang2.local with PID 59606 (/Users/xbwang2/workspace/pupil/bin/main started by xbwang2 in /Users/xbwang2/workspace/pupil)
2020-07-10 16:22:21 [restartedMain] INFO  com.vivid.PupilApplication - No active profile set, falling back to default profiles: default
2020-07-10 16:22:21 [restartedMain] INFO  org.springframework.data.repository.config.RepositoryConfigurationDelegate - Bootstrapping Spring Data repositories in DEFAULT mode.
2020-07-10 16:22:21 [restartedMain] INFO  org.springframework.data.repository.config.RepositoryConfigurationDelegate - Finished Spring Data repository scanning in 21ms. Found 7 repository interfaces.
2020-07-10 16:22:21 [restartedMain] INFO  org.springframework.context.support.PostProcessorRegistrationDelegate$BeanPostProcessorChecker - Bean 'org.springframework.transaction.annotation.ProxyTransactionManagementConfiguration' of type [org.springframework.transaction.annotation.ProxyTransactionManagementConfiguration] is not eligible for getting processed by all BeanPostProcessors (for example: not eligible for auto-proxying)
2020-07-10 16:22:21 [restartedMain] INFO  org.springframework.boot.web.embedded.tomcat.TomcatWebServer - Tomcat initialized with port(s): 9090 (http)
2020-07-10 16:22:21 [restartedMain] INFO  org.apache.coyote.http11.Http11NioProtocol - Initializing ProtocolHandler ["http-nio-9090"]
2020-07-10 16:22:21 [restartedMain] INFO  org.apache.catalina.core.StandardService - Starting service [Tomcat]
2020-07-10 16:22:21 [restartedMain] INFO  org.apache.catalina.core.StandardEngine - Starting Servlet engine: [Apache Tomcat/9.0.27]
2020-07-10 16:22:21 [restartedMain] INFO  org.apache.catalina.core.ContainerBase.[Tomcat].[localhost].[/] - Initializing Spring embedded WebApplicationContext
2020-07-10 16:22:21 [restartedMain] INFO  org.springframework.web.context.ContextLoader - Root WebApplicationContext: initialization completed in 442 ms
2020-07-10 16:22:21 [restartedMain] INFO  com.alibaba.druid.spring.boot.autoconfigure.DruidDataSourceAutoConfigure - Init DruidDataSource
2020-07-10 16:22:21 [restartedMain] INFO  com.alibaba.druid.pool.DruidDataSource - {dataSource-3} inited
2020-07-10 16:22:22 [restartedMain] INFO  org.hibernate.jpa.internal.util.LogHelper - HHH000204: Processing PersistenceUnitInfo [name: default]
2020-07-10 16:22:22 [restartedMain] INFO  org.hibernate.dialect.Dialect - HHH000400: Using dialect: org.hibernate.dialect.MySQL55Dialect
2020-07-10 16:22:22 [restartedMain] INFO  org.hibernate.engine.transaction.jta.platform.internal.JtaPlatformInitiator - HHH000490: Using JtaPlatform implementation: [org.hibernate.engine.transaction.jta.platform.internal.NoJtaPlatform]
2020-07-10 16:22:22 [restartedMain] INFO  org.springframework.orm.jpa.LocalContainerEntityManagerFactoryBean - Initialized JPA EntityManagerFactory for persistence unit 'default'
2020-07-10 16:22:22 [restartedMain] INFO  org.springframework.boot.web.servlet.RegistrationBean - Filter authFilter was not registered (possibly already registered?)
2020-07-10 16:22:22 [restartedMain] INFO  org.springframework.boot.actuate.endpoint.web.EndpointLinksResolver - Exposing 2 endpoint(s) beneath base path '/actuator'
2020-07-10 16:22:22 [restartedMain] INFO  springfox.documentation.spring.web.PropertySourcedRequestMappingHandlerMapping - Mapped URL path [/v2/api-docs] onto method [springfox.documentation.swagger2.web.Swagger2Controller#getDocumentation(String, HttpServletRequest)]
2020-07-10 16:22:22 [restartedMain] INFO  org.springframework.scheduling.concurrent.ThreadPoolTaskExecutor - Initializing ExecutorService 'applicationTaskExecutor'
2020-07-10 16:22:22 [restartedMain] INFO  org.springframework.boot.devtools.autoconfigure.OptionalLiveReloadServer - LiveReload server is running on port 35729
2020-07-10 16:22:22 [restartedMain] INFO  springfox.documentation.spring.web.plugins.DocumentationPluginsBootstrapper - Context refreshed
2020-07-10 16:22:22 [restartedMain] INFO  springfox.documentation.spring.web.plugins.DocumentationPluginsBootstrapper - Found 1 custom documentation plugin(s)
2020-07-10 16:22:22 [restartedMain] INFO  springfox.documentation.spring.web.scanners.ApiListingReferenceScanner - Scanning for api listing references
2020-07-10 16:22:22 [restartedMain] INFO  springfox.documentation.spring.web.readers.operation.CachingOperationNameGenerator - Generating unique operation named: deleteUsingDELETE_1
2020-07-10 16:22:22 [restartedMain] INFO  springfox.documentation.spring.web.readers.operation.CachingOperationNameGenerator - Generating unique operation named: findOneUsingGET_1
2020-07-10 16:22:22 [restartedMain] INFO  springfox.documentation.spring.web.readers.operation.CachingOperationNameGenerator - Generating unique operation named: deleteUsingDELETE_2
2020-07-10 16:22:22 [restartedMain] INFO  springfox.documentation.spring.web.readers.operation.CachingOperationNameGenerator - Generating unique operation named: indexPageUsingGET_1
2020-07-10 16:22:22 [restartedMain] INFO  springfox.documentation.spring.web.readers.operation.CachingOperationNameGenerator - Generating unique operation named: deleteUsingDELETE_3
2020-07-10 16:22:22 [restartedMain] INFO  springfox.documentation.spring.web.readers.operation.CachingOperationNameGenerator - Generating unique operation named: findOneUsingGET_2
2020-07-10 16:22:22 [restartedMain] INFO  springfox.documentation.spring.web.readers.operation.CachingOperationNameGenerator - Generating unique operation named: checkedUsingPUT_1
2020-07-10 16:22:22 [restartedMain] INFO  springfox.documentation.spring.web.readers.operation.CachingOperationNameGenerator - Generating unique operation named: deleteUsingDELETE_4
2020-07-10 16:22:22 [restartedMain] INFO  springfox.documentation.spring.web.readers.operation.CachingOperationNameGenerator - Generating unique operation named: findOneUsingGET_3
2020-07-10 16:22:22 [restartedMain] INFO  springfox.documentation.spring.web.readers.operation.CachingOperationNameGenerator - Generating unique operation named: lineChartUsingGET_1
2020-07-10 16:22:22 [restartedMain] INFO  springfox.documentation.spring.web.readers.operation.CachingOperationNameGenerator - Generating unique operation named: deleteUsingDELETE_5
2020-07-10 16:22:22 [restartedMain] INFO  springfox.documentation.spring.web.readers.operation.CachingOperationNameGenerator - Generating unique operation named: findOneUsingGET_4
2020-07-10 16:22:22 [restartedMain] INFO  org.apache.coyote.http11.Http11NioProtocol - Starting ProtocolHandler ["http-nio-9090"]
2020-07-10 16:22:22 [restartedMain] INFO  org.springframework.boot.web.embedded.tomcat.TomcatWebServer - Tomcat started on port(s): 9090 (http) with context path ''
2020-07-10 16:22:22 [restartedMain] INFO  com.vivid.PupilApplication - Started PupilApplication in 1.721 seconds (JVM running for 56356.57)
2020-07-10 16:22:22 [restartedMain] INFO  org.springframework.boot.devtools.autoconfigure.ConditionEvaluationDeltaLoggingListener - Condition evaluation unchanged
2020-07-10 16:23:02 [Test worker] INFO  org.springframework.boot.test.context.SpringBootTestContextBootstrapper - Neither @ContextConfiguration nor @ContextHierarchy found for test class [com.vivid.VividSearchApplicationTests], using SpringBootContextLoader
2020-07-10 16:23:02 [Test worker] INFO  org.springframework.test.context.support.AbstractContextLoader - Could not detect default resource locations for test class [com.vivid.VividSearchApplicationTests]: no resource found for suffixes {-context.xml, Context.groovy}.
2020-07-10 16:23:02 [Test worker] INFO  org.springframework.test.context.support.AnnotationConfigContextLoaderUtils - Could not detect default configuration classes for test class [com.vivid.VividSearchApplicationTests]: VividSearchApplicationTests does not declare any static, non-private, non-final, nested classes annotated with @Configuration.
2020-07-10 16:23:02 [Test worker] INFO  org.springframework.boot.test.context.SpringBootTestContextBootstrapper - Found @SpringBootConfiguration com.vivid.PupilApplication for test class com.vivid.VividSearchApplicationTests
2020-07-10 16:23:02 [Test worker] INFO  org.springframework.boot.test.context.SpringBootTestContextBootstrapper - Loaded default TestExecutionListener class names from location [META-INF/spring.factories]: [org.springframework.boot.test.autoconfigure.restdocs.RestDocsTestExecutionListener, org.springframework.boot.test.autoconfigure.web.client.MockRestServiceServerResetTestExecutionListener, org.springframework.boot.test.autoconfigure.web.servlet.MockMvcPrintOnlyOnFailureTestExecutionListener, org.springframework.boot.test.autoconfigure.web.servlet.WebDriverTestExecutionListener, org.springframework.boot.test.mock.mockito.MockitoTestExecutionListener, org.springframework.boot.test.mock.mockito.ResetMocksTestExecutionListener, org.springframework.test.context.web.ServletTestExecutionListener, org.springframework.test.context.support.DirtiesContextBeforeModesTestExecutionListener, org.springframework.test.context.support.DependencyInjectionTestExecutionListener, org.springframework.test.context.support.DirtiesContextTestExecutionListener, org.springframework.test.context.transaction.TransactionalTestExecutionListener, org.springframework.test.context.jdbc.SqlScriptsTestExecutionListener, org.springframework.test.context.event.EventPublishingTestExecutionListener]
2020-07-10 16:23:02 [Test worker] INFO  org.springframework.boot.test.context.SpringBootTestContextBootstrapper - Using TestExecutionListeners: [org.springframework.test.context.web.ServletTestExecutionListener@1fce9482, org.springframework.test.context.support.DirtiesContextBeforeModesTestExecutionListener@15cde9b8, org.springframework.boot.test.mock.mockito.MockitoTestExecutionListener@1491769b, org.springframework.boot.test.autoconfigure.SpringBootDependencyInjectionTestExecutionListener@6d79026a, org.springframework.test.context.support.DirtiesContextTestExecutionListener@6f8f1c3, org.springframework.test.context.transaction.TransactionalTestExecutionListener@7c02588d, org.springframework.test.context.jdbc.SqlScriptsTestExecutionListener@6338dc38, org.springframework.test.context.event.EventPublishingTestExecutionListener@4677e867, org.springframework.boot.test.autoconfigure.restdocs.RestDocsTestExecutionListener@7c07f83, org.springframework.boot.test.autoconfigure.web.client.MockRestServiceServerResetTestExecutionListener@696899c6, org.springframework.boot.test.autoconfigure.web.servlet.MockMvcPrintOnlyOnFailureTestExecutionListener@4c1441cf, org.springframework.boot.test.autoconfigure.web.servlet.WebDriverTestExecutionListener@35d9acfa, org.springframework.boot.test.mock.mockito.ResetMocksTestExecutionListener@3161e1a5]
2020-07-10 16:23:02 [Test worker] INFO  com.vivid.VividSearchApplicationTests - Starting VividSearchApplicationTests on MB-xbwang2.local with PID 75628 (started by xbwang2 in /Users/xbwang2/workspace/pupil)
2020-07-10 16:23:02 [Test worker] INFO  com.vivid.VividSearchApplicationTests - No active profile set, falling back to default profiles: default
2020-07-10 16:23:03 [Test worker] INFO  org.springframework.data.repository.config.RepositoryConfigurationDelegate - Bootstrapping Spring Data repositories in DEFAULT mode.
2020-07-10 16:23:03 [Test worker] INFO  org.springframework.data.repository.config.RepositoryConfigurationDelegate - Finished Spring Data repository scanning in 64ms. Found 7 repository interfaces.
2020-07-10 16:23:03 [Test worker] INFO  org.springframework.context.support.PostProcessorRegistrationDelegate$BeanPostProcessorChecker - Bean 'org.springframework.transaction.annotation.ProxyTransactionManagementConfiguration' of type [org.springframework.transaction.annotation.ProxyTransactionManagementConfiguration] is not eligible for getting processed by all BeanPostProcessors (for example: not eligible for auto-proxying)
2020-07-10 16:23:03 [Test worker] INFO  com.alibaba.druid.spring.boot.autoconfigure.DruidDataSourceAutoConfigure - Init DruidDataSource
2020-07-10 16:23:04 [Test worker] INFO  com.alibaba.druid.pool.DruidDataSource - {dataSource-1} inited
2020-07-10 16:23:04 [Test worker] INFO  org.hibernate.jpa.internal.util.LogHelper - HHH000204: Processing PersistenceUnitInfo [name: default]
2020-07-10 16:23:04 [Test worker] INFO  org.hibernate.Version - HHH000412: Hibernate Core {5.4.8.Final}
2020-07-10 16:23:04 [Test worker] INFO  org.hibernate.annotations.common.Version - HCANN000001: Hibernate Commons Annotations {5.1.0.Final}
2020-07-10 16:23:04 [Test worker] INFO  org.hibernate.dialect.Dialect - HHH000400: Using dialect: org.hibernate.dialect.MySQL55Dialect
2020-07-10 16:23:05 [Test worker] INFO  org.hibernate.engine.transaction.jta.platform.internal.JtaPlatformInitiator - HHH000490: Using JtaPlatform implementation: [org.hibernate.engine.transaction.jta.platform.internal.NoJtaPlatform]
2020-07-10 16:23:05 [Test worker] INFO  org.springframework.orm.jpa.LocalContainerEntityManagerFactoryBean - Initialized JPA EntityManagerFactory for persistence unit 'default'
2020-07-10 16:23:06 [Test worker] INFO  org.springframework.boot.actuate.endpoint.web.EndpointLinksResolver - Exposing 2 endpoint(s) beneath base path '/actuator'
2020-07-10 16:23:06 [Test worker] INFO  springfox.documentation.spring.web.PropertySourcedRequestMappingHandlerMapping - Mapped URL path [/v2/api-docs] onto method [springfox.documentation.swagger2.web.Swagger2Controller#getDocumentation(String, HttpServletRequest)]
2020-07-10 16:23:06 [Test worker] INFO  org.springframework.scheduling.concurrent.ThreadPoolTaskExecutor - Initializing ExecutorService 'applicationTaskExecutor'
2020-07-10 16:23:07 [Test worker] INFO  springfox.documentation.spring.web.plugins.DocumentationPluginsBootstrapper - Context refreshed
2020-07-10 16:23:07 [Test worker] INFO  springfox.documentation.spring.web.plugins.DocumentationPluginsBootstrapper - Found 1 custom documentation plugin(s)
2020-07-10 16:23:07 [Test worker] INFO  springfox.documentation.spring.web.scanners.ApiListingReferenceScanner - Scanning for api listing references
2020-07-10 16:23:07 [Test worker] INFO  springfox.documentation.spring.web.readers.operation.CachingOperationNameGenerator - Generating unique operation named: deleteUsingDELETE_1
2020-07-10 16:23:07 [Test worker] INFO  springfox.documentation.spring.web.readers.operation.CachingOperationNameGenerator - Generating unique operation named: findOneUsingGET_1
2020-07-10 16:23:07 [Test worker] INFO  springfox.documentation.spring.web.readers.operation.CachingOperationNameGenerator - Generating unique operation named: deleteUsingDELETE_2
2020-07-10 16:23:07 [Test worker] INFO  springfox.documentation.spring.web.readers.operation.CachingOperationNameGenerator - Generating unique operation named: indexPageUsingGET_1
2020-07-10 16:23:07 [Test worker] INFO  springfox.documentation.spring.web.readers.operation.CachingOperationNameGenerator - Generating unique operation named: deleteUsingDELETE_3
2020-07-10 16:23:07 [Test worker] INFO  springfox.documentation.spring.web.readers.operation.CachingOperationNameGenerator - Generating unique operation named: findOneUsingGET_2
2020-07-10 16:23:07 [Test worker] INFO  springfox.documentation.spring.web.readers.operation.CachingOperationNameGenerator - Generating unique operation named: checkedUsingPUT_1
2020-07-10 16:23:07 [Test worker] INFO  springfox.documentation.spring.web.readers.operation.CachingOperationNameGenerator - Generating unique operation named: deleteUsingDELETE_4
2020-07-10 16:23:07 [Test worker] INFO  springfox.documentation.spring.web.readers.operation.CachingOperationNameGenerator - Generating unique operation named: findOneUsingGET_3
2020-07-10 16:23:07 [Test worker] INFO  springfox.documentation.spring.web.readers.operation.CachingOperationNameGenerator - Generating unique operation named: lineChartUsingGET_1
2020-07-10 16:23:07 [Test worker] INFO  springfox.documentation.spring.web.readers.operation.CachingOperationNameGenerator - Generating unique operation named: deleteUsingDELETE_5
2020-07-10 16:23:07 [Test worker] INFO  springfox.documentation.spring.web.readers.operation.CachingOperationNameGenerator - Generating unique operation named: findOneUsingGET_4
2020-07-10 16:23:07 [Test worker] INFO  com.vivid.VividSearchApplicationTests - Started VividSearchApplicationTests in 5.182 seconds (JVM running for 6.203)
2020-07-10 16:23:07 [SpringContextShutdownHook] INFO  org.springframework.scheduling.concurrent.ThreadPoolTaskExecutor - Shutting down ExecutorService 'applicationTaskExecutor'
2020-07-10 16:23:07 [SpringContextShutdownHook] INFO  org.springframework.orm.jpa.LocalContainerEntityManagerFactoryBean - Closing JPA EntityManagerFactory for persistence unit 'default'
2020-07-10 16:23:07 [SpringContextShutdownHook] INFO  com.alibaba.druid.pool.DruidDataSource - {dataSource-1} closing ...
2020-07-10 16:23:07 [SpringContextShutdownHook] INFO  com.alibaba.druid.pool.DruidDataSource - {dataSource-1} closed
